<?xml version="1.0" encoding="UTF-8"?>
<testng-results skipped="0" failed="0" total="3" passed="3">
  <reporter-output>
  </reporter-output>
  <suite name="Default suite" duration-ms="5756" started-at="2021-06-21T05:03:04Z" finished-at="2021-06-21T05:03:09Z">
    <groups>
      <group name="cucumber">
        <method signature="AbstractTestNGCucumberTests.feature(cucumber.api.testng.CucumberFeatureWrapper)[pri:0, instance:RunnableCucu@14ec4505]" name="feature" class="cucumber.api.testng.AbstractTestNGCucumberTests"/>
      </group> <!-- cucumber -->
    </groups>
    <test name="Default test" duration-ms="5756" started-at="2021-06-21T05:03:04Z" finished-at="2021-06-21T05:03:09Z">
      <class name="RunnableCucu">
        <test-method status="PASS" signature="setUpClass()[pri:0, instance:RunnableCucu@14ec4505]" name="setUpClass" is-config="true" duration-ms="383" started-at="2021-06-21T10:33:04Z" finished-at="2021-06-21T10:33:04Z">
          <reporter-output>
          </reporter-output>
        </test-method> <!-- setUpClass -->
        <test-method status="PASS" signature="feature(cucumber.api.testng.CucumberFeatureWrapper)[pri:0, instance:RunnableCucu@14ec4505]" name="feature" duration-ms="4094" started-at="2021-06-21T10:33:04Z" description="Runs Cucumber Feature" data-provider="features" finished-at="2021-06-21T10:33:08Z">
          <params>
            <param index="0">
              <value>
                <![CDATA[Make comments on a post]]>
              </value>
            </param>
          </params>
          <reporter-output>
          </reporter-output>
        </test-method> <!-- feature -->
        <test-method status="PASS" signature="feature(cucumber.api.testng.CucumberFeatureWrapper)[pri:0, instance:RunnableCucu@14ec4505]" name="feature" duration-ms="643" started-at="2021-06-21T10:33:08Z" description="Runs Cucumber Feature" data-provider="features" finished-at="2021-06-21T10:33:09Z">
          <params>
            <param index="0">
              <value>
                <![CDATA[execute posts]]>
              </value>
            </param>
          </params>
          <reporter-output>
          </reporter-output>
        </test-method> <!-- feature -->
        <test-method status="PASS" signature="feature(cucumber.api.testng.CucumberFeatureWrapper)[pri:0, instance:RunnableCucu@14ec4505]" name="feature" duration-ms="457" started-at="2021-06-21T10:33:09Z" description="Runs Cucumber Feature" data-provider="features" finished-at="2021-06-21T10:33:09Z">
          <params>
            <param index="0">
              <value>
                <![CDATA[Get list of of users]]>
              </value>
            </param>
          </params>
          <reporter-output>
          </reporter-output>
        </test-method> <!-- feature -->
        <test-method status="PASS" signature="tearDownClass()[pri:0, instance:RunnableCucu@14ec4505]" name="tearDownClass" is-config="true" duration-ms="20" started-at="2021-06-21T10:33:09Z" finished-at="2021-06-21T10:33:09Z">
          <reporter-output>
          </reporter-output>
        </test-method> <!-- tearDownClass -->
      </class> <!-- RunnableCucu -->
    </test> <!-- Default test -->
  </suite> <!-- Default suite -->
</testng-results>
